Added Component: Designator=1(Point)
Added Component: Designator=2(Point)
Added Component: Designator=3(Point)
Added Component: Designator=4(Point)
Added Component: Designator=C1(B37986-N)
Added Component: Designator=C2(B37986-N)
Added Component: Designator=D1(К155ЛА3)
Added Component: Designator=R1(R_ 0,125_10)
Added Component: Designator=R2(R_ 0,125_10)
Added Component: Designator=R3(R_ 0,125_10)
Added Component: Designator=R4(R рег_BOURNS3296-3/8)
Added Component: Designator=VD1(D9A)
Added Component: Designator=VT1(SOT223)
Added Pin To Net: NetName=GND Pin=1-1
Added Pin To Net: NetName=GND Pin=4-1
Added Pin To Net: NetName=GND Pin=D1-7
Added Pin To Net: NetName=GND Pin=R1-1
Added Pin To Net: NetName=GND Pin=VT1-3
Added Net: Name=GND
Added Pin To Net: NetName=NetC1_1 Pin=C1-1
Added Pin To Net: NetName=NetC1_1 Pin=D1-6
Added Net: Name=NetC1_1
Added Pin To Net: NetName=NetC1_2 Pin=C1-2
Added Pin To Net: NetName=NetC1_2 Pin=D1-4
Added Pin To Net: NetName=NetC1_2 Pin=D1-9
Added Pin To Net: NetName=NetC1_2 Pin=D1-10
Added Pin To Net: NetName=NetC1_2 Pin=R1-2
Added Net: Name=NetC1_2
Added Pin To Net: NetName=NetC2_1 Pin=C2-1
Added Pin To Net: NetName=NetC2_1 Pin=D1-11
Added Pin To Net: NetName=NetC2_1 Pin=R2-1
Added Net: Name=NetC2_1
Added Pin To Net: NetName=NetC2_2 Pin=C2-2
Added Pin To Net: NetName=NetC2_2 Pin=R4-1
Added Pin To Net: NetName=NetC2_2 Pin=R4-3
Added Pin To Net: NetName=NetC2_2 Pin=VD1-1
Added Pin To Net: NetName=NetC2_2 Pin=VT1-1
Added Net: Name=NetC2_2
Added Pin To Net: NetName=NetD1_1 Pin=D1-1
Added Pin To Net: NetName=NetD1_1 Pin=D1-2
Added Pin To Net: NetName=NetD1_1 Pin=VT1-2
Added Net: Name=NetD1_1
Added Pin To Net: NetName=NetD1_3 Pin=D1-3
Added Pin To Net: NetName=NetD1_3 Pin=D1-5
Added Net: Name=NetD1_3
Added Pin To Net: NetName=NetR3_1 Pin=R3-1
Added Pin To Net: NetName=NetR3_1 Pin=R4-2
Added Net: Name=NetR3_1
Added Pin To Net: NetName=Выход Pin=2-1
Added Pin To Net: NetName=Выход Pin=D1-8
Added Pin To Net: NetName=Выход Pin=D1-12
Added Pin To Net: NetName=Выход Pin=D1-13
Added Net: Name=Выход
Added Pin To Net: NetName=Питание (+5V) Pin=3-1
Added Pin To Net: NetName=Питание (+5V) Pin=D1-14
Added Pin To Net: NetName=Питание (+5V) Pin=R2-2
Added Pin To Net: NetName=Питание (+5V) Pin=R3-2
Added Pin To Net: NetName=Питание (+5V) Pin=VD1-2
Added Net: Name=Питание (+5V)
Added Class: Name=Schema
Added Room: Name=Schema
